GOT IT: 386
SOLUTION: ((9 * (3 + (50 + 1))) - (25 + 75))
GOT IT: 386
SOLUTION: (((3 + (50 + 1)) * 9) - (25 + 75))
GOT IT: 386
SOLUTION: ((9 * ((50 + 1) + 3)) - (25 + 75))
GOT IT: 386
SOLUTION: ((((50 + 1) + 3) * 9) - (25 + 75))
GOT IT: 386
SOLUTION: ((9 * (1 + (50 + 3))) - (25 + 75))
GOT IT: 386
SOLUTION: (((1 + (50 + 3)) * 9) - (25 + 75))
GOT IT: 386
SOLUTION: ((9 * ((50 + 3) + 1)) - (25 + 75))
GOT IT: 386
SOLUTION: ((((50 + 3) + 1) * 9) - (25 + 75))
GOT IT: 386
SOLUTION: ((9 * (3 + (1 + 50))) - (25 + 75))
GOT IT: 386
SOLUTION: (((3 + (1 + 50)) * 9) - (25 + 75))
GOT IT: 386
SOLUTION: ((9 * ((1 + 50) + 3)) - (25 + 75))
GOT IT: 386
SOLUTION: ((((1 + 50) + 3) * 9) - (25 + 75))
GOT IT: 386
SOLUTION: ((9 * (50 + (1 + 3))) - (25 + 75))
GOT IT: 386
SOLUTION: (((50 + (1 + 3)) * 9) - (25 + 75))
GOT IT: 386
SOLUTION: (((1 + 3) * (9 + (25 + 75))) - 50)
GOT IT: 386
SOLUTION: (((9 + (25 + 75)) * (1 + 3)) - 50)
GOT IT: 386
SOLUTION: (((1 + 3) * ((25 + 75) + 9)) - 50)
GOT IT: 386
SOLUTION: ((((25 + 75) + 9) * (1 + 3)) - 50)
GOT IT: 386
SOLUTION: ((9 * ((1 + 3) + 50)) - (25 + 75))
GOT IT: 386
SOLUTION: ((((1 + 3) + 50) * 9) - (25 + 75))
GOT IT: 386
SOLUTION: (((9 + (25 + 75)) * (1 + 3)) - 50)
GOT IT: 386
SOLUTION: (((1 + 3) * (9 + (25 + 75))) - 50)
GOT IT: 386
SOLUTION: (((9 + (25 + 75)) * (3 + 1)) - 50)
GOT IT: 386
SOLUTION: (((3 + 1) * (9 + (25 + 75))) - 50)
GOT IT: 386
SOLUTION: ((9 * (1 + (3 + 50))) - (25 + 75))
GOT IT: 386
SOLUTION: (((1 + (3 + 50)) * 9) - (25 + 75))
GOT IT: 386
SOLUTION: ((9 * ((3 + 50) + 1)) - (25 + 75))
GOT IT: 386
SOLUTION: ((((3 + 50) + 1) * 9) - (25 + 75))
GOT IT: 386
SOLUTION: ((9 * (50 + (3 + 1))) - (25 + 75))
GOT IT: 386
SOLUTION: (((50 + (3 + 1)) * 9) - (25 + 75))
GOT IT: 386
SOLUTION: (((3 + 1) * (9 + (25 + 75))) - 50)
GOT IT: 386
SOLUTION: (((9 + (25 + 75)) * (3 + 1)) - 50)
GOT IT: 386
SOLUTION: (((3 + 1) * ((25 + 75) + 9)) - 50)
GOT IT: 386
SOLUTION: ((((25 + 75) + 9) * (3 + 1)) - 50)
GOT IT: 386
SOLUTION: ((9 * ((3 + 1) + 50)) - (25 + 75))
GOT IT: 386
SOLUTION: ((((3 + 1) + 50) * 9) - (25 + 75))
GOT IT: 386
SOLUTION: ((((25 + 75) + 9) * (1 + 3)) - 50)
GOT IT: 386
SOLUTION: (((1 + 3) * ((25 + 75) + 9)) - 50)
GOT IT: 386
SOLUTION: ((((25 + 75) + 9) * (3 + 1)) - 50)
GOT IT: 386
SOLUTION: (((3 + 1) * ((25 + 75) + 9)) - 50)
GOT IT: 386
SOLUTION: ((75 + 50) + (9 * (3 + (25 + 1))))
GOT IT: 386
SOLUTION: ((9 * (3 + (25 + 1))) + (75 + 50))
GOT IT: 386
SOLUTION: ((75 + 50) + ((3 + (25 + 1)) * 9))
GOT IT: 386
SOLUTION: (((3 + (25 + 1)) * 9) + (75 + 50))
GOT IT: 386
SOLUTION: ((75 + 50) + (9 * ((25 + 1) + 3)))
GOT IT: 386
SOLUTION: ((9 * ((25 + 1) + 3)) + (75 + 50))
GOT IT: 386
SOLUTION: ((75 + 50) + (((25 + 1) + 3) * 9))
GOT IT: 386
SOLUTION: ((((25 + 1) + 3) * 9) + (75 + 50))
GOT IT: 386
SOLUTION: ((50 + 75) + (9 * (3 + (25 + 1))))
GOT IT: 386
SOLUTION: ((9 * (3 + (25 + 1))) + (50 + 75))
GOT IT: 386
SOLUTION: ((50 + 75) + ((3 + (25 + 1)) * 9))
GOT IT: 386
SOLUTION: (((3 + (25 + 1)) * 9) + (50 + 75))
GOT IT: 386
SOLUTION: ((50 + 75) + (9 * ((25 + 1) + 3)))
GOT IT: 386
SOLUTION: ((9 * ((25 + 1) + 3)) + (50 + 75))
GOT IT: 386
SOLUTION: ((50 + 75) + (((25 + 1) + 3) * 9))
GOT IT: 386
SOLUTION: ((((25 + 1) + 3) * 9) + (50 + 75))
GOT IT: 386
SOLUTION: ((75 + 50) + (9 * (3 + (25 + 1))))
GOT IT: 386
SOLUTION: ((9 * (3 + (25 + 1))) + (75 + 50))
GOT IT: 386
SOLUTION: ((75 + 50) + ((3 + (25 + 1)) * 9))
GOT IT: 386
SOLUTION: (((3 + (25 + 1)) * 9) + (75 + 50))
GOT IT: 386
SOLUTION: ((50 + 75) + (9 * (3 + (25 + 1))))
GOT IT: 386
SOLUTION: ((9 * (3 + (25 + 1))) + (50 + 75))
GOT IT: 386
SOLUTION: ((50 + 75) + ((3 + (25 + 1)) * 9))
GOT IT: 386
SOLUTION: (((3 + (25 + 1)) * 9) + (50 + 75))
GOT IT: 386
SOLUTION: ((9 * (3 + (25 + 1))) + (75 + 50))
GOT IT: 386
SOLUTION: ((75 + 50) + (9 * (3 + (25 + 1))))
GOT IT: 386
SOLUTION: (50 + (75 + (9 * (3 + (25 + 1)))))
GOT IT: 386
SOLUTION: ((75 + (9 * (3 + (25 + 1)))) + 50)
GOT IT: 386
SOLUTION: ((9 * (3 + (25 + 1))) + (50 + 75))
GOT IT: 386
SOLUTION: ((50 + 75) + (9 * (3 + (25 + 1))))
GOT IT: 386
SOLUTION: (75 + (50 + (9 * (3 + (25 + 1)))))
GOT IT: 386
SOLUTION: ((50 + (9 * (3 + (25 + 1)))) + 75)
GOT IT: 386
SOLUTION: (50 + ((9 * (3 + (25 + 1))) + 75))
GOT IT: 386
SOLUTION: (((9 * (3 + (25 + 1))) + 75) + 50)
GOT IT: 386
SOLUTION: (75 + ((9 * (3 + (25 + 1))) + 50))
GOT IT: 386
SOLUTION: (((9 * (3 + (25 + 1))) + 50) + 75)
GOT IT: 386
SOLUTION: (((3 + (25 + 1)) * 9) + (75 + 50))
GOT IT: 386
SOLUTION: ((75 + 50) + ((3 + (25 + 1)) * 9))
GOT IT: 386
SOLUTION: (50 + (75 + ((3 + (25 + 1)) * 9)))
GOT IT: 386
SOLUTION: ((75 + ((3 + (25 + 1)) * 9)) + 50)
GOT IT: 386
SOLUTION: (((3 + (25 + 1)) * 9) + (50 + 75))
GOT IT: 386
SOLUTION: ((50 + 75) + ((3 + (25 + 1)) * 9))
GOT IT: 386
SOLUTION: (75 + (50 + ((3 + (25 + 1)) * 9)))
GOT IT: 386
SOLUTION: ((50 + ((3 + (25 + 1)) * 9)) + 75)
GOT IT: 386
SOLUTION: (50 + (((3 + (25 + 1)) * 9) + 75))
GOT IT: 386
SOLUTION: ((((3 + (25 + 1)) * 9) + 75) + 50)
GOT IT: 386
SOLUTION: (75 + (((3 + (25 + 1)) * 9) + 50))
GOT IT: 386
SOLUTION: ((((3 + (25 + 1)) * 9) + 50) + 75)
GOT IT: 386
SOLUTION: ((75 + 50) + (9 * ((25 + 1) + 3)))
GOT IT: 386
SOLUTION: ((9 * ((25 + 1) + 3)) + (75 + 50))
GOT IT: 386
SOLUTION: ((75 + 50) + (((25 + 1) + 3) * 9))
GOT IT: 386
SOLUTION: ((((25 + 1) + 3) * 9) + (75 + 50))
GOT IT: 386
SOLUTION: ((50 + 75) + (9 * ((25 + 1) + 3)))
GOT IT: 386
SOLUTION: ((9 * ((25 + 1) + 3)) + (50 + 75))
GOT IT: 386
SOLUTION: ((50 + 75) + (((25 + 1) + 3) * 9))
GOT IT: 386
SOLUTION: ((((25 + 1) + 3) * 9) + (50 + 75))
GOT IT: 386
SOLUTION: ((9 * ((25 + 1) + 3)) + (75 + 50))
GOT IT: 386
SOLUTION: ((75 + 50) + (9 * ((25 + 1) + 3)))
GOT IT: 386
SOLUTION: (50 + (75 + (9 * ((25 + 1) + 3))))
GOT IT: 386
SOLUTION: ((75 + (9 * ((25 + 1) + 3))) + 50)
GOT IT: 386
SOLUTION: ((9 * ((25 + 1) + 3)) + (50 + 75))
GOT IT: 386
SOLUTION: ((50 + 75) + (9 * ((25 + 1) + 3)))
GOT IT: 386
SOLUTION: (75 + (50 + (9 * ((25 + 1) + 3))))
GOT IT: 386
SOLUTION: ((50 + (9 * ((25 + 1) + 3))) + 75)
GOT IT: 386
SOLUTION: (50 + ((9 * ((25 + 1) + 3)) + 75))
GOT IT: 386
SOLUTION: (((9 * ((25 + 1) + 3)) + 75) + 50)
GOT IT: 386
SOLUTION: (75 + ((9 * ((25 + 1) + 3)) + 50))
GOT IT: 386
SOLUTION: (((9 * ((25 + 1) + 3)) + 50) + 75)
GOT IT: 386
SOLUTION: ((((25 + 1) + 3) * 9) + (75 + 50))
GOT IT: 386
SOLUTION: ((75 + 50) + (((25 + 1) + 3) * 9))
GOT IT: 386
SOLUTION: (50 + (75 + (((25 + 1) + 3) * 9)))
GOT IT: 386
SOLUTION: ((75 + (((25 + 1) + 3) * 9)) + 50)
GOT IT: 386
SOLUTION: ((((25 + 1) + 3) * 9) + (50 + 75))
GOT IT: 386
SOLUTION: ((50 + 75) + (((25 + 1) + 3) * 9))
GOT IT: 386
SOLUTION: (75 + (50 + (((25 + 1) + 3) * 9)))
GOT IT: 386
SOLUTION: ((50 + (((25 + 1) + 3) * 9)) + 75)
GOT IT: 386
SOLUTION: (50 + ((((25 + 1) + 3) * 9) + 75))
GOT IT: 386
SOLUTION: (((((25 + 1) + 3) * 9) + 75) + 50)
GOT IT: 386
SOLUTION: (75 + ((((25 + 1) + 3) * 9) + 50))
GOT IT: 386
SOLUTION: (((((25 + 1) + 3) * 9) + 50) + 75)
GOT IT: 386
SOLUTION: (((75 + (25 + 9)) * (1 + 3)) - 50)
GOT IT: 386
SOLUTION: (((1 + 3) * (75 + (25 + 9))) - 50)
GOT IT: 386
SOLUTION: (((75 + (25 + 9)) * (3 + 1)) - 50)
GOT IT: 386
SOLUTION: (((3 + 1) * (75 + (25 + 9))) - 50)
GOT IT: 386
SOLUTION: (((1 + 3) * (75 + (25 + 9))) - 50)
GOT IT: 386
SOLUTION: (((75 + (25 + 9)) * (1 + 3)) - 50)
GOT IT: 386
SOLUTION: (((1 + 3) * ((25 + 9) + 75)) - 50)
GOT IT: 386
SOLUTION: ((((25 + 9) + 75) * (1 + 3)) - 50)
GOT IT: 386
SOLUTION: (((3 + 1) * (75 + (25 + 9))) - 50)
GOT IT: 386
SOLUTION: (((75 + (25 + 9)) * (3 + 1)) - 50)
GOT IT: 386
SOLUTION: (((3 + 1) * ((25 + 9) + 75)) - 50)
GOT IT: 386
SOLUTION: ((((25 + 9) + 75) * (3 + 1)) - 50)
GOT IT: 386
SOLUTION: ((((25 + 9) + 75) * (1 + 3)) - 50)
GOT IT: 386
SOLUTION: (((1 + 3) * ((25 + 9) + 75)) - 50)
GOT IT: 386
SOLUTION: ((((25 + 9) + 75) * (3 + 1)) - 50)
GOT IT: 386
SOLUTION: (((3 + 1) * ((25 + 9) + 75)) - 50)
GOT IT: 386
SOLUTION: ((75 + 50) + (9 * (1 + (25 + 3))))
GOT IT: 386
SOLUTION: ((9 * (1 + (25 + 3))) + (75 + 50))
GOT IT: 386
SOLUTION: ((75 + 50) + ((1 + (25 + 3)) * 9))
GOT IT: 386
SOLUTION: (((1 + (25 + 3)) * 9) + (75 + 50))
GOT IT: 386
SOLUTION: ((75 + 50) + (9 * ((25 + 3) + 1)))
GOT IT: 386
SOLUTION: ((9 * ((25 + 3) + 1)) + (75 + 50))
GOT IT: 386
SOLUTION: ((75 + 50) + (((25 + 3) + 1) * 9))
GOT IT: 386
SOLUTION: ((((25 + 3) + 1) * 9) + (75 + 50))
GOT IT: 386
SOLUTION: ((50 + 75) + (9 * (1 + (25 + 3))))
GOT IT: 386
SOLUTION: ((9 * (1 + (25 + 3))) + (50 + 75))
GOT IT: 386
SOLUTION: ((50 + 75) + ((1 + (25 + 3)) * 9))
GOT IT: 386
SOLUTION: (((1 + (25 + 3)) * 9) + (50 + 75))
GOT IT: 386
SOLUTION: ((50 + 75) + (9 * ((25 + 3) + 1)))
GOT IT: 386
SOLUTION: ((9 * ((25 + 3) + 1)) + (50 + 75))
GOT IT: 386
SOLUTION: ((50 + 75) + (((25 + 3) + 1) * 9))
GOT IT: 386
SOLUTION: ((((25 + 3) + 1) * 9) + (50 + 75))
GOT IT: 386
SOLUTION: ((75 + 50) + (9 * (1 + (25 + 3))))
GOT IT: 386
SOLUTION: ((9 * (1 + (25 + 3))) + (75 + 50))
GOT IT: 386
SOLUTION: ((75 + 50) + ((1 + (25 + 3)) * 9))
GOT IT: 386
SOLUTION: (((1 + (25 + 3)) * 9) + (75 + 50))
GOT IT: 386
SOLUTION: ((50 + 75) + (9 * (1 + (25 + 3))))
GOT IT: 386
SOLUTION: ((9 * (1 + (25 + 3))) + (50 + 75))
GOT IT: 386
SOLUTION: ((50 + 75) + ((1 + (25 + 3)) * 9))
GOT IT: 386
SOLUTION: (((1 + (25 + 3)) * 9) + (50 + 75))
GOT IT: 386
SOLUTION: ((9 * (1 + (25 + 3))) + (75 + 50))
GOT IT: 386
SOLUTION: ((75 + 50) + (9 * (1 + (25 + 3))))
GOT IT: 386
SOLUTION: (50 + (75 + (9 * (1 + (25 + 3)))))
GOT IT: 386
SOLUTION: ((75 + (9 * (1 + (25 + 3)))) + 50)
GOT IT: 386
SOLUTION: ((9 * (1 + (25 + 3))) + (50 + 75))
GOT IT: 386
SOLUTION: ((50 + 75) + (9 * (1 + (25 + 3))))
GOT IT: 386
SOLUTION: (75 + (50 + (9 * (1 + (25 + 3)))))
GOT IT: 386
SOLUTION: ((50 + (9 * (1 + (25 + 3)))) + 75)
GOT IT: 386
SOLUTION: (50 + ((9 * (1 + (25 + 3))) + 75))
GOT IT: 386
SOLUTION: (((9 * (1 + (25 + 3))) + 75) + 50)
GOT IT: 386
SOLUTION: (75 + ((9 * (1 + (25 + 3))) + 50))
GOT IT: 386
SOLUTION: (((9 * (1 + (25 + 3))) + 50) + 75)
GOT IT: 386
SOLUTION: (((1 + (25 + 3)) * 9) + (75 + 50))
GOT IT: 386
SOLUTION: ((75 + 50) + ((1 + (25 + 3)) * 9))
GOT IT: 386
SOLUTION: (50 + (75 + ((1 + (25 + 3)) * 9)))
GOT IT: 386
SOLUTION: ((75 + ((1 + (25 + 3)) * 9)) + 50)
GOT IT: 386
SOLUTION: (((1 + (25 + 3)) * 9) + (50 + 75))
GOT IT: 386
SOLUTION: ((50 + 75) + ((1 + (25 + 3)) * 9))
GOT IT: 386
SOLUTION: (75 + (50 + ((1 + (25 + 3)) * 9)))
GOT IT: 386
SOLUTION: ((50 + ((1 + (25 + 3)) * 9)) + 75)
GOT IT: 386
SOLUTION: (50 + (((1 + (25 + 3)) * 9) + 75))
GOT IT: 386
SOLUTION: ((((1 + (25 + 3)) * 9) + 75) + 50)
GOT IT: 386
SOLUTION: (75 + (((1 + (25 + 3)) * 9) + 50))
GOT IT: 386
SOLUTION: ((((1 + (25 + 3)) * 9) + 50) + 75)
GOT IT: 386
SOLUTION: ((75 + 50) + (9 * ((25 + 3) + 1)))
GOT IT: 386
SOLUTION: ((9 * ((25 + 3) + 1)) + (75 + 50))
GOT IT: 386
SOLUTION: ((75 + 50) + (((25 + 3) + 1) * 9))
GOT IT: 386
SOLUTION: ((((25 + 3) + 1) * 9) + (75 + 50))
GOT IT: 386
SOLUTION: ((50 + 75) + (9 * ((25 + 3) + 1)))
GOT IT: 386
SOLUTION: ((9 * ((25 + 3) + 1)) + (50 + 75))
GOT IT: 386
SOLUTION: ((50 + 75) + (((25 + 3) + 1) * 9))
GOT IT: 386
SOLUTION: ((((25 + 3) + 1) * 9) + (50 + 75))
GOT IT: 386
SOLUTION: ((9 * ((25 + 3) + 1)) + (75 + 50))
GOT IT: 386
SOLUTION: ((75 + 50) + (9 * ((25 + 3) + 1)))
GOT IT: 386
SOLUTION: (50 + (75 + (9 * ((25 + 3) + 1))))
GOT IT: 386
SOLUTION: ((75 + (9 * ((25 + 3) + 1))) + 50)
GOT IT: 386
SOLUTION: ((9 * ((25 + 3) + 1)) + (50 + 75))
GOT IT: 386
SOLUTION: ((50 + 75) + (9 * ((25 + 3) + 1)))
GOT IT: 386
SOLUTION: (75 + (50 + (9 * ((25 + 3) + 1))))
GOT IT: 386
SOLUTION: ((50 + (9 * ((25 + 3) + 1))) + 75)
GOT IT: 386
SOLUTION: (50 + ((9 * ((25 + 3) + 1)) + 75))
GOT IT: 386
SOLUTION: (((9 * ((25 + 3) + 1)) + 75) + 50)
GOT IT: 386
SOLUTION: (75 + ((9 * ((25 + 3) + 1)) + 50))
GOT IT: 386
SOLUTION: (((9 * ((25 + 3) + 1)) + 50) + 75)
GOT IT: 386
SOLUTION: ((((25 + 3) + 1) * 9) + (75 + 50))
GOT IT: 386
SOLUTION: ((75 + 50) + (((25 + 3) + 1) * 9))
GOT IT: 386
SOLUTION: (50 + (75 + (((25 + 3) + 1) * 9)))
GOT IT: 386
SOLUTION: ((75 + (((25 + 3) + 1) * 9)) + 50)
GOT IT: 386
SOLUTION: ((((25 + 3) + 1) * 9) + (50 + 75))
GOT IT: 386
SOLUTION: ((50 + 75) + (((25 + 3) + 1) * 9))
GOT IT: 386
SOLUTION: (75 + (50 + (((25 + 3) + 1) * 9)))
GOT IT: 386
SOLUTION: ((50 + (((25 + 3) + 1) * 9)) + 75)
GOT IT: 386
SOLUTION: (50 + ((((25 + 3) + 1) * 9) + 75))
GOT IT: 386
SOLUTION: (((((25 + 3) + 1) * 9) + 75) + 50)
GOT IT: 386
SOLUTION: (75 + ((((25 + 3) + 1) * 9) + 50))
GOT IT: 386
SOLUTION: (((((25 + 3) + 1) * 9) + 50) + 75)
GOT IT: 386
SOLUTION: ((9 * (3 + (50 + 1))) - (75 + 25))
GOT IT: 386
SOLUTION: (((3 + (50 + 1)) * 9) - (75 + 25))
GOT IT: 386
SOLUTION: ((9 * ((50 + 1) + 3)) - (75 + 25))
GOT IT: 386
SOLUTION: ((((50 + 1) + 3) * 9) - (75 + 25))
GOT IT: 386
SOLUTION: ((9 * (1 + (50 + 3))) - (75 + 25))
GOT IT: 386
SOLUTION: (((1 + (50 + 3)) * 9) - (75 + 25))
GOT IT: 386
SOLUTION: ((9 * ((50 + 3) + 1)) - (75 + 25))
GOT IT: 386
SOLUTION: ((((50 + 3) + 1) * 9) - (75 + 25))
GOT IT: 386
SOLUTION: ((9 * (3 + (1 + 50))) - (75 + 25))
GOT IT: 386
SOLUTION: (((3 + (1 + 50)) * 9) - (75 + 25))
GOT IT: 386
SOLUTION: ((9 * ((1 + 50) + 3)) - (75 + 25))
GOT IT: 386
SOLUTION: ((((1 + 50) + 3) * 9) - (75 + 25))
GOT IT: 386
SOLUTION: ((9 * (50 + (1 + 3))) - (75 + 25))
GOT IT: 386
SOLUTION: (((50 + (1 + 3)) * 9) - (75 + 25))
GOT IT: 386
SOLUTION: (((1 + 3) * (9 + (75 + 25))) - 50)
GOT IT: 386
SOLUTION: (((9 + (75 + 25)) * (1 + 3)) - 50)
GOT IT: 386
SOLUTION: (((1 + 3) * ((75 + 25) + 9)) - 50)
GOT IT: 386
SOLUTION: ((((75 + 25) + 9) * (1 + 3)) - 50)
GOT IT: 386
SOLUTION: ((9 * ((1 + 3) + 50)) - (75 + 25))
GOT IT: 386
SOLUTION: ((((1 + 3) + 50) * 9) - (75 + 25))
GOT IT: 386
SOLUTION: (((9 + (75 + 25)) * (1 + 3)) - 50)
GOT IT: 386
SOLUTION: (((1 + 3) * (9 + (75 + 25))) - 50)
GOT IT: 386
SOLUTION: (((9 + (75 + 25)) * (3 + 1)) - 50)
GOT IT: 386
SOLUTION: (((3 + 1) * (9 + (75 + 25))) - 50)
GOT IT: 386
SOLUTION: ((9 * (1 + (3 + 50))) - (75 + 25))
GOT IT: 386
SOLUTION: (((1 + (3 + 50)) * 9) - (75 + 25))
GOT IT: 386
SOLUTION: ((9 * ((3 + 50) + 1)) - (75 + 25))
GOT IT: 386
SOLUTION: ((((3 + 50) + 1) * 9) - (75 + 25))
GOT IT: 386
SOLUTION: ((9 * (50 + (3 + 1))) - (75 + 25))
GOT IT: 386
SOLUTION: (((50 + (3 + 1)) * 9) - (75 + 25))
GOT IT: 386
SOLUTION: (((3 + 1) * (9 + (75 + 25))) - 50)
GOT IT: 386
SOLUTION: (((9 + (75 + 25)) * (3 + 1)) - 50)
GOT IT: 386
SOLUTION: (((3 + 1) * ((75 + 25) + 9)) - 50)
GOT IT: 386
SOLUTION: ((((75 + 25) + 9) * (3 + 1)) - 50)
GOT IT: 386
SOLUTION: ((9 * ((3 + 1) + 50)) - (75 + 25))
GOT IT: 386
SOLUTION: ((((3 + 1) + 50) * 9) - (75 + 25))
GOT IT: 386
SOLUTION: ((((75 + 25) + 9) * (1 + 3)) - 50)
GOT IT: 386
SOLUTION: (((1 + 3) * ((75 + 25) + 9)) - 50)
GOT IT: 386
SOLUTION: ((((75 + 25) + 9) * (3 + 1)) - 50)
GOT IT: 386
SOLUTION: (((3 + 1) * ((75 + 25) + 9)) - 50)
GOT IT: 386
SOLUTION: ((75 + 50) + (9 * (3 + (25 + 1))))
GOT IT: 386
SOLUTION: ((9 * (3 + (25 + 1))) + (75 + 50))
GOT IT: 386
SOLUTION: ((75 + 50) + ((3 + (25 + 1)) * 9))
GOT IT: 386
SOLUTION: (((3 + (25 + 1)) * 9) + (75 + 50))
GOT IT: 386
SOLUTION: ((75 + 50) + (9 * ((25 + 1) + 3)))
GOT IT: 386
SOLUTION: ((9 * ((25 + 1) + 3)) + (75 + 50))
GOT IT: 386
SOLUTION: ((75 + 50) + (((25 + 1) + 3) * 9))
GOT IT: 386
SOLUTION: ((((25 + 1) + 3) * 9) + (75 + 50))
GOT IT: 386
SOLUTION: ((75 + 50) + (9 * (1 + (25 + 3))))
GOT IT: 386
SOLUTION: ((9 * (1 + (25 + 3))) + (75 + 50))
GOT IT: 386
SOLUTION: ((75 + 50) + ((1 + (25 + 3)) * 9))
GOT IT: 386
SOLUTION: (((1 + (25 + 3)) * 9) + (75 + 50))
GOT IT: 386
SOLUTION: ((75 + 50) + (9 * ((25 + 3) + 1)))
GOT IT: 386
SOLUTION: ((9 * ((25 + 3) + 1)) + (75 + 50))
GOT IT: 386
SOLUTION: ((75 + 50) + (((25 + 3) + 1) * 9))
GOT IT: 386
SOLUTION: ((((25 + 3) + 1) * 9) + (75 + 50))
GOT IT: 386
SOLUTION: ((75 + 50) + (9 * (3 + (1 + 25))))
GOT IT: 386
SOLUTION: ((9 * (3 + (1 + 25))) + (75 + 50))
GOT IT: 386
SOLUTION: ((75 + 50) + ((3 + (1 + 25)) * 9))
GOT IT: 386
SOLUTION: (((3 + (1 + 25)) * 9) + (75 + 50))
GOT IT: 386
SOLUTION: ((75 + 50) + (9 * ((1 + 25) + 3)))
GOT IT: 386
SOLUTION: ((9 * ((1 + 25) + 3)) + (75 + 50))
GOT IT: 386
SOLUTION: ((75 + 50) + (((1 + 25) + 3) * 9))
GOT IT: 386
SOLUTION: ((((1 + 25) + 3) * 9) + (75 + 50))
GOT IT: 386
SOLUTION: ((75 + 50) + (9 * (25 + (1 + 3))))
GOT IT: 386
SOLUTION: ((9 * (25 + (1 + 3))) + (75 + 50))
GOT IT: 386
SOLUTION: ((75 + 50) + ((25 + (1 + 3)) * 9))
GOT IT: 386
SOLUTION: (((25 + (1 + 3)) * 9) + (75 + 50))
GOT IT: 386
SOLUTION: ((75 + 50) + (9 * ((1 + 3) + 25)))
GOT IT: 386
SOLUTION: ((9 * ((1 + 3) + 25)) + (75 + 50))
GOT IT: 386
SOLUTION: ((75 + 50) + (((1 + 3) + 25) * 9))
GOT IT: 386
SOLUTION: ((((1 + 3) + 25) * 9) + (75 + 50))
GOT IT: 386
SOLUTION: ((75 + 50) + (9 * (1 + (3 + 25))))
GOT IT: 386
SOLUTION: ((9 * (1 + (3 + 25))) + (75 + 50))
GOT IT: 386
SOLUTION: ((75 + 50) + ((1 + (3 + 25)) * 9))
GOT IT: 386
SOLUTION: (((1 + (3 + 25)) * 9) + (75 + 50))
GOT IT: 386
SOLUTION: ((75 + 50) + (9 * ((3 + 25) + 1)))
GOT IT: 386
SOLUTION: ((9 * ((3 + 25) + 1)) + (75 + 50))
GOT IT: 386
SOLUTION: ((75 + 50) + (((3 + 25) + 1) * 9))
GOT IT: 386
SOLUTION: ((((3 + 25) + 1) * 9) + (75 + 50))
GOT IT: 386
SOLUTION: ((75 + 50) + (9 * (25 + (3 + 1))))
GOT IT: 386
SOLUTION: ((9 * (25 + (3 + 1))) + (75 + 50))
GOT IT: 386
SOLUTION: ((75 + 50) + ((25 + (3 + 1)) * 9))
GOT IT: 386
SOLUTION: (((25 + (3 + 1)) * 9) + (75 + 50))
GOT IT: 386
SOLUTION: ((75 + 50) + (9 * ((3 + 1) + 25)))
GOT IT: 386
SOLUTION: ((9 * ((3 + 1) + 25)) + (75 + 50))
GOT IT: 386
SOLUTION: ((75 + 50) + (((3 + 1) + 25) * 9))
GOT IT: 386
SOLUTION: ((((3 + 1) + 25) * 9) + (75 + 50))
GOT IT: 386
SOLUTION: (((25 + (75 + 9)) * (1 + 3)) - 50)
GOT IT: 386
SOLUTION: (((1 + 3) * (25 + (75 + 9))) - 50)
GOT IT: 386
SOLUTION: (((25 + (75 + 9)) * (3 + 1)) - 50)
GOT IT: 386
SOLUTION: (((3 + 1) * (25 + (75 + 9))) - 50)
GOT IT: 386
SOLUTION: (((1 + 3) * (25 + (75 + 9))) - 50)
GOT IT: 386
SOLUTION: (((25 + (75 + 9)) * (1 + 3)) - 50)
GOT IT: 386
SOLUTION: (((1 + 3) * ((75 + 9) + 25)) - 50)
GOT IT: 386
SOLUTION: ((((75 + 9) + 25) * (1 + 3)) - 50)
GOT IT: 386
SOLUTION: (50 + ((75 + 9) * (1 + 3)))
GOT IT: 386
SOLUTION: (((75 + 9) * (1 + 3)) + 50)
GOT IT: 386
SOLUTION: (50 + ((1 + 3) * (75 + 9)))
GOT IT: 386
SOLUTION: (((1 + 3) * (75 + 9)) + 50)
GOT IT: 386
SOLUTION: (((3 + 1) * (25 + (75 + 9))) - 50)
GOT IT: 386
SOLUTION: (((25 + (75 + 9)) * (3 + 1)) - 50)
GOT IT: 386
SOLUTION: (((3 + 1) * ((75 + 9) + 25)) - 50)
GOT IT: 386
SOLUTION: ((((75 + 9) + 25) * (3 + 1)) - 50)
GOT IT: 386
SOLUTION: (50 + ((75 + 9) * (3 + 1)))
GOT IT: 386
SOLUTION: (((75 + 9) * (3 + 1)) + 50)
GOT IT: 386
SOLUTION: (50 + ((3 + 1) * (75 + 9)))
GOT IT: 386
SOLUTION: (((3 + 1) * (75 + 9)) + 50)
GOT IT: 386
SOLUTION: ((((75 + 9) + 25) * (1 + 3)) - 50)
GOT IT: 386
SOLUTION: (((1 + 3) * ((75 + 9) + 25)) - 50)
GOT IT: 386
SOLUTION: ((((75 + 9) + 25) * (3 + 1)) - 50)
GOT IT: 386
SOLUTION: (((3 + 1) * ((75 + 9) + 25)) - 50)
GOT IT: 386
SOLUTION: ((50 + 75) + (9 * (3 + (25 + 1))))
GOT IT: 386
SOLUTION: ((9 * (3 + (25 + 1))) + (50 + 75))
GOT IT: 386
SOLUTION: ((50 + 75) + ((3 + (25 + 1)) * 9))
GOT IT: 386
SOLUTION: (((3 + (25 + 1)) * 9) + (50 + 75))
GOT IT: 386
SOLUTION: ((50 + 75) + (9 * ((25 + 1) + 3)))
GOT IT: 386
SOLUTION: ((9 * ((25 + 1) + 3)) + (50 + 75))
GOT IT: 386
SOLUTION: ((50 + 75) + (((25 + 1) + 3) * 9))
GOT IT: 386
SOLUTION: ((((25 + 1) + 3) * 9) + (50 + 75))
GOT IT: 386
SOLUTION: ((50 + 75) + (9 * (1 + (25 + 3))))
GOT IT: 386
SOLUTION: ((9 * (1 + (25 + 3))) + (50 + 75))
GOT IT: 386
SOLUTION: ((50 + 75) + ((1 + (25 + 3)) * 9))
GOT IT: 386
SOLUTION: (((1 + (25 + 3)) * 9) + (50 + 75))
GOT IT: 386
SOLUTION: ((50 + 75) + (9 * ((25 + 3) + 1)))
GOT IT: 386
SOLUTION: ((9 * ((25 + 3) + 1)) + (50 + 75))
GOT IT: 386
SOLUTION: ((50 + 75) + (((25 + 3) + 1) * 9))
GOT IT: 386
SOLUTION: ((((25 + 3) + 1) * 9) + (50 + 75))
GOT IT: 386
SOLUTION: ((50 + 75) + (9 * (3 + (1 + 25))))
GOT IT: 386
SOLUTION: ((9 * (3 + (1 + 25))) + (50 + 75))
GOT IT: 386
SOLUTION: ((50 + 75) + ((3 + (1 + 25)) * 9))
GOT IT: 386
SOLUTION: (((3 + (1 + 25)) * 9) + (50 + 75))
GOT IT: 386
SOLUTION: ((50 + 75) + (9 * ((1 + 25) + 3)))
GOT IT: 386
SOLUTION: ((9 * ((1 + 25) + 3)) + (50 + 75))
GOT IT: 386
SOLUTION: ((50 + 75) + (((1 + 25) + 3) * 9))
GOT IT: 386
SOLUTION: ((((1 + 25) + 3) * 9) + (50 + 75))
GOT IT: 386
SOLUTION: ((50 + 75) + (9 * (25 + (1 + 3))))
GOT IT: 386
SOLUTION: ((9 * (25 + (1 + 3))) + (50 + 75))
GOT IT: 386
SOLUTION: ((50 + 75) + ((25 + (1 + 3)) * 9))
GOT IT: 386
SOLUTION: (((25 + (1 + 3)) * 9) + (50 + 75))
GOT IT: 386
SOLUTION: ((50 + 75) + (9 * ((1 + 3) + 25)))
GOT IT: 386
SOLUTION: ((9 * ((1 + 3) + 25)) + (50 + 75))
GOT IT: 386
SOLUTION: ((50 + 75) + (((1 + 3) + 25) * 9))
GOT IT: 386
SOLUTION: ((((1 + 3) + 25) * 9) + (50 + 75))
GOT IT: 386
SOLUTION: ((50 + 75) + (9 * (1 + (3 + 25))))
GOT IT: 386
SOLUTION: ((9 * (1 + (3 + 25))) + (50 + 75))
GOT IT: 386
SOLUTION: ((50 + 75) + ((1 + (3 + 25)) * 9))
GOT IT: 386
SOLUTION: (((1 + (3 + 25)) * 9) + (50 + 75))
GOT IT: 386
SOLUTION: ((50 + 75) + (9 * ((3 + 25) + 1)))
GOT IT: 386
SOLUTION: ((9 * ((3 + 25) + 1)) + (50 + 75))
GOT IT: 386
SOLUTION: ((50 + 75) + (((3 + 25) + 1) * 9))
GOT IT: 386
SOLUTION: ((((3 + 25) + 1) * 9) + (50 + 75))
GOT IT: 386
SOLUTION: ((50 + 75) + (9 * (25 + (3 + 1))))
GOT IT: 386
SOLUTION: ((9 * (25 + (3 + 1))) + (50 + 75))
GOT IT: 386
SOLUTION: ((50 + 75) + ((25 + (3 + 1)) * 9))
GOT IT: 386
SOLUTION: (((25 + (3 + 1)) * 9) + (50 + 75))
GOT IT: 386
SOLUTION: ((50 + 75) + (9 * ((3 + 1) + 25)))
GOT IT: 386
SOLUTION: ((9 * ((3 + 1) + 25)) + (50 + 75))
GOT IT: 386
SOLUTION: ((50 + 75) + (((3 + 1) + 25) * 9))
GOT IT: 386
SOLUTION: ((((3 + 1) + 25) * 9) + (50 + 75))
GOT IT: 386
SOLUTION: ((9 * (3 + (50 + 1))) - (25 + 75))
GOT IT: 386
SOLUTION: (((3 + (50 + 1)) * 9) - (25 + 75))
GOT IT: 386
SOLUTION: ((9 * ((50 + 1) + 3)) - (25 + 75))
GOT IT: 386
SOLUTION: ((((50 + 1) + 3) * 9) - (25 + 75))
GOT IT: 386
SOLUTION: ((9 * (3 + (50 + 1))) - (75 + 25))
GOT IT: 386
SOLUTION: (((3 + (50 + 1)) * 9) - (75 + 25))
GOT IT: 386
SOLUTION: ((9 * ((50 + 1) + 3)) - (75 + 25))
GOT IT: 386
SOLUTION: ((((50 + 1) + 3) * 9) - (75 + 25))
GOT IT: 386
SOLUTION: ((9 * (3 + (50 + 1))) - (25 + 75))
GOT IT: 386
SOLUTION: (((3 + (50 + 1)) * 9) - (25 + 75))
GOT IT: 386
SOLUTION: ((9 * (3 + (50 + 1))) - (75 + 25))
GOT IT: 386
SOLUTION: (((3 + (50 + 1)) * 9) - (75 + 25))
GOT IT: 386
SOLUTION: ((9 * (3 + (50 + 1))) - (25 + 75))
GOT IT: 386
SOLUTION: ((9 * (3 + (50 + 1))) - (75 + 25))
GOT IT: 386
SOLUTION: (((9 * (3 + (50 + 1))) - 25) - 75)
GOT IT: 386
SOLUTION: (((9 * (3 + (50 + 1))) - 75) - 25)
GOT IT: 386
SOLUTION: (((3 + (50 + 1)) * 9) - (25 + 75))
GOT IT: 386
SOLUTION: (((3 + (50 + 1)) * 9) - (75 + 25))
GOT IT: 386
SOLUTION: ((((3 + (50 + 1)) * 9) - 25) - 75)
GOT IT: 386
SOLUTION: ((((3 + (50 + 1)) * 9) - 75) - 25)
GOT IT: 386
SOLUTION: ((9 * ((50 + 1) + 3)) - (25 + 75))
GOT IT: 386
SOLUTION: ((((50 + 1) + 3) * 9) - (25 + 75))
GOT IT: 386
SOLUTION: ((9 * ((50 + 1) + 3)) - (75 + 25))
GOT IT: 386
SOLUTION: ((((50 + 1) + 3) * 9) - (75 + 25))
GOT IT: 386
SOLUTION: ((9 * ((50 + 1) + 3)) - (25 + 75))
GOT IT: 386
SOLUTION: ((9 * ((50 + 1) + 3)) - (75 + 25))
GOT IT: 386
SOLUTION: (((9 * ((50 + 1) + 3)) - 25) - 75)
GOT IT: 386
SOLUTION: (((9 * ((50 + 1) + 3)) - 75) - 25)
GOT IT: 386
SOLUTION: ((((50 + 1) + 3) * 9) - (25 + 75))
GOT IT: 386
SOLUTION: ((((50 + 1) + 3) * 9) - (75 + 25))
GOT IT: 386
SOLUTION: (((((50 + 1) + 3) * 9) - 25) - 75)
GOT IT: 386
SOLUTION: (((((50 + 1) + 3) * 9) - 75) - 25)
GOT IT: 386
SOLUTION: ((9 * (1 + (50 + 3))) - (25 + 75))
GOT IT: 386
SOLUTION: (((1 + (50 + 3)) * 9) - (25 + 75))
GOT IT: 386
SOLUTION: ((9 * ((50 + 3) + 1)) - (25 + 75))
GOT IT: 386
SOLUTION: ((((50 + 3) + 1) * 9) - (25 + 75))
GOT IT: 386
SOLUTION: ((9 * (1 + (50 + 3))) - (75 + 25))
GOT IT: 386
SOLUTION: (((1 + (50 + 3)) * 9) - (75 + 25))
GOT IT: 386
SOLUTION: ((9 * ((50 + 3) + 1)) - (75 + 25))
GOT IT: 386
SOLUTION: ((((50 + 3) + 1) * 9) - (75 + 25))
GOT IT: 386
SOLUTION: ((9 * (1 + (50 + 3))) - (25 + 75))
GOT IT: 386
SOLUTION: (((1 + (50 + 3)) * 9) - (25 + 75))
GOT IT: 386
SOLUTION: ((9 * (1 + (50 + 3))) - (75 + 25))
GOT IT: 386
SOLUTION: (((1 + (50 + 3)) * 9) - (75 + 25))
GOT IT: 386
SOLUTION: ((9 * (1 + (50 + 3))) - (25 + 75))
GOT IT: 386
SOLUTION: ((9 * (1 + (50 + 3))) - (75 + 25))
GOT IT: 386
SOLUTION: (((9 * (1 + (50 + 3))) - 25) - 75)
GOT IT: 386
SOLUTION: (((9 * (1 + (50 + 3))) - 75) - 25)
GOT IT: 386
SOLUTION: (((1 + (50 + 3)) * 9) - (25 + 75))
GOT IT: 386
SOLUTION: (((1 + (50 + 3)) * 9) - (75 + 25))
GOT IT: 386
SOLUTION: ((((1 + (50 + 3)) * 9) - 25) - 75)
GOT IT: 386
SOLUTION: ((((1 + (50 + 3)) * 9) - 75) - 25)
GOT IT: 386
SOLUTION: ((9 * ((50 + 3) + 1)) - (25 + 75))
GOT IT: 386
SOLUTION: ((((50 + 3) + 1) * 9) - (25 + 75))
GOT IT: 386
SOLUTION: ((9 * ((50 + 3) + 1)) - (75 + 25))
GOT IT: 386
SOLUTION: ((((50 + 3) + 1) * 9) - (75 + 25))
GOT IT: 386
SOLUTION: ((9 * ((50 + 3) + 1)) - (25 + 75))
GOT IT: 386
SOLUTION: ((9 * ((50 + 3) + 1)) - (75 + 25))
GOT IT: 386
SOLUTION: (((9 * ((50 + 3) + 1)) - 25) - 75)
GOT IT: 386
SOLUTION: (((9 * ((50 + 3) + 1)) - 75) - 25)
GOT IT: 386
SOLUTION: ((((50 + 3) + 1) * 9) - (25 + 75))
GOT IT: 386
SOLUTION: ((((50 + 3) + 1) * 9) - (75 + 25))
GOT IT: 386
SOLUTION: (((((50 + 3) + 1) * 9) - 25) - 75)
GOT IT: 386
SOLUTION: (((((50 + 3) + 1) * 9) - 75) - 25)
GOT IT: 386
SOLUTION: ((75 + 50) + (9 * (3 + (1 + 25))))
GOT IT: 386
SOLUTION: ((9 * (3 + (1 + 25))) + (75 + 50))
GOT IT: 386
SOLUTION: ((75 + 50) + ((3 + (1 + 25)) * 9))
GOT IT: 386
SOLUTION: (((3 + (1 + 25)) * 9) + (75 + 50))
GOT IT: 386
SOLUTION: ((75 + 50) + (9 * ((1 + 25) + 3)))
GOT IT: 386
SOLUTION: ((9 * ((1 + 25) + 3)) + (75 + 50))
GOT IT: 386
SOLUTION: ((75 + 50) + (((1 + 25) + 3) * 9))
GOT IT: 386
SOLUTION: ((((1 + 25) + 3) * 9) + (75 + 50))
GOT IT: 386
SOLUTION: ((50 + 75) + (9 * (3 + (1 + 25))))
GOT IT: 386
SOLUTION: ((9 * (3 + (1 + 25))) + (50 + 75))
GOT IT: 386
SOLUTION: ((50 + 75) + ((3 + (1 + 25)) * 9))
GOT IT: 386
SOLUTION: (((3 + (1 + 25)) * 9) + (50 + 75))
GOT IT: 386
SOLUTION: ((50 + 75) + (9 * ((1 + 25) + 3)))
GOT IT: 386
SOLUTION: ((9 * ((1 + 25) + 3)) + (50 + 75))
GOT IT: 386
SOLUTION: ((50 + 75) + (((1 + 25) + 3) * 9))
GOT IT: 386
SOLUTION: ((((1 + 25) + 3) * 9) + (50 + 75))
GOT IT: 386
SOLUTION: ((75 + 50) + (9 * (3 + (1 + 25))))
GOT IT: 386
SOLUTION: ((9 * (3 + (1 + 25))) + (75 + 50))
GOT IT: 386
SOLUTION: ((75 + 50) + ((3 + (1 + 25)) * 9))
GOT IT: 386
SOLUTION: (((3 + (1 + 25)) * 9) + (75 + 50))
GOT IT: 386
SOLUTION: ((50 + 75) + (9 * (3 + (1 + 25))))
GOT IT: 386
SOLUTION: ((9 * (3 + (1 + 25))) + (50 + 75))
GOT IT: 386
SOLUTION: ((50 + 75) + ((3 + (1 + 25)) * 9))
GOT IT: 386
SOLUTION: (((3 + (1 + 25)) * 9) + (50 + 75))
GOT IT: 386
SOLUTION: ((9 * (3 + (1 + 25))) + (75 + 50))
GOT IT: 386
SOLUTION: ((75 + 50) + (9 * (3 + (1 + 25))))
GOT IT: 386
SOLUTION: (50 + (75 + (9 * (3 + (1 + 25)))))
GOT IT: 386
SOLUTION: ((75 + (9 * (3 + (1 + 25)))) + 50)
GOT IT: 386
SOLUTION: ((9 * (3 + (1 + 25))) + (50 + 75))
GOT IT: 386
SOLUTION: ((50 + 75) + (9 * (3 + (1 + 25))))
GOT IT: 386
SOLUTION: (75 + (50 + (9 * (3 + (1 + 25)))))
GOT IT: 386
SOLUTION: ((50 + (9 * (3 + (1 + 25)))) + 75)
GOT IT: 386
SOLUTION: (50 + ((9 * (3 + (1 + 25))) + 75))
GOT IT: 386
SOLUTION: (((9 * (3 + (1 + 25))) + 75) + 50)
GOT IT: 386
SOLUTION: (75 + ((9 * (3 + (1 + 25))) + 50))
GOT IT: 386
SOLUTION: (((9 * (3 + (1 + 25))) + 50) + 75)
GOT IT: 386
SOLUTION: (((3 + (1 + 25)) * 9) + (75 + 50))
GOT IT: 386
SOLUTION: ((75 + 50) + ((3 + (1 + 25)) * 9))
GOT IT: 386
SOLUTION: (50 + (75 + ((3 + (1 + 25)) * 9)))
GOT IT: 386
SOLUTION: ((75 + ((3 + (1 + 25)) * 9)) + 50)
GOT IT: 386
SOLUTION: (((3 + (1 + 25)) * 9) + (50 + 75))
GOT IT: 386
SOLUTION: ((50 + 75) + ((3 + (1 + 25)) * 9))
GOT IT: 386
SOLUTION: (75 + (50 + ((3 + (1 + 25)) * 9)))
GOT IT: 386
SOLUTION: ((50 + ((3 + (1 + 25)) * 9)) + 75)
GOT IT: 386
SOLUTION: (50 + (((3 + (1 + 25)) * 9) + 75))
GOT IT: 386
SOLUTION: ((((3 + (1 + 25)) * 9) + 75) + 50)
GOT IT: 386
SOLUTION: (75 + (((3 + (1 + 25)) * 9) + 50))
GOT IT: 386
SOLUTION: ((((3 + (1 + 25)) * 9) + 50) + 75)
GOT IT: 386
SOLUTION: ((75 + 50) + (9 * ((1 + 25) + 3)))
GOT IT: 386
SOLUTION: ((9 * ((1 + 25) + 3)) + (75 + 50))
GOT IT: 386
SOLUTION: ((75 + 50) + (((1 + 25) + 3) * 9))
GOT IT: 386
SOLUTION: ((((1 + 25) + 3) * 9) + (75 + 50))
GOT IT: 386
SOLUTION: ((50 + 75) + (9 * ((1 + 25) + 3)))
GOT IT: 386
SOLUTION: ((9 * ((1 + 25) + 3)) + (50 + 75))
GOT IT: 386
SOLUTION: ((50 + 75) + (((1 + 25) + 3) * 9))
GOT IT: 386
SOLUTION: ((((1 + 25) + 3) * 9) + (50 + 75))
GOT IT: 386
SOLUTION: ((9 * ((1 + 25) + 3)) + (75 + 50))
GOT IT: 386
SOLUTION: ((75 + 50) + (9 * ((1 + 25) + 3)))
GOT IT: 386
SOLUTION: (50 + (75 + (9 * ((1 + 25) + 3))))
GOT IT: 386
SOLUTION: ((75 + (9 * ((1 + 25) + 3))) + 50)
GOT IT: 386
SOLUTION: ((9 * ((1 + 25) + 3)) + (50 + 75))
GOT IT: 386
SOLUTION: ((50 + 75) + (9 * ((1 + 25) + 3)))
GOT IT: 386
SOLUTION: (75 + (50 + (9 * ((1 + 25) + 3))))
GOT IT: 386
SOLUTION: ((50 + (9 * ((1 + 25) + 3))) + 75)
GOT IT: 386
SOLUTION: (50 + ((9 * ((1 + 25) + 3)) + 75))
GOT IT: 386
SOLUTION: (((9 * ((1 + 25) + 3)) + 75) + 50)
GOT IT: 386
SOLUTION: (75 + ((9 * ((1 + 25) + 3)) + 50))
GOT IT: 386
SOLUTION: (((9 * ((1 + 25) + 3)) + 50) + 75)
GOT IT: 386
SOLUTION: ((((1 + 25) + 3) * 9) + (75 + 50))
GOT IT: 386
SOLUTION: ((75 + 50) + (((1 + 25) + 3) * 9))
GOT IT: 386
SOLUTION: (50 + (75 + (((1 + 25) + 3) * 9)))
GOT IT: 386
SOLUTION: ((75 + (((1 + 25) + 3) * 9)) + 50)
GOT IT: 386
SOLUTION: ((((1 + 25) + 3) * 9) + (50 + 75))
GOT IT: 386
SOLUTION: ((50 + 75) + (((1 + 25) + 3) * 9))
GOT IT: 386
SOLUTION: (75 + (50 + (((1 + 25) + 3) * 9)))
GOT IT: 386
SOLUTION: ((50 + (((1 + 25) + 3) * 9)) + 75)
GOT IT: 386
SOLUTION: (50 + ((((1 + 25) + 3) * 9) + 75))
GOT IT: 386
SOLUTION: (((((1 + 25) + 3) * 9) + 75) + 50)
GOT IT: 386
SOLUTION: (75 + ((((1 + 25) + 3) * 9) + 50))
GOT IT: 386
SOLUTION: (((((1 + 25) + 3) * 9) + 50) + 75)
GOT IT: 386
SOLUTION: ((9 * (3 + (1 + 50))) - (25 + 75))
GOT IT: 386
SOLUTION: (((3 + (1 + 50)) * 9) - (25 + 75))
GOT IT: 386
SOLUTION: ((9 * ((1 + 50) + 3)) - (25 + 75))
GOT IT: 386
SOLUTION: ((((1 + 50) + 3) * 9) - (25 + 75))
GOT IT: 386
SOLUTION: ((9 * (3 + (1 + 50))) - (75 + 25))
GOT IT: 386
SOLUTION: (((3 + (1 + 50)) * 9) - (75 + 25))
GOT IT: 386
SOLUTION: ((9 * ((1 + 50) + 3)) - (75 + 25))
GOT IT: 386
SOLUTION: ((((1 + 50) + 3) * 9) - (75 + 25))
GOT IT: 386
SOLUTION: ((9 * (3 + (1 + 50))) - (25 + 75))
GOT IT: 386
SOLUTION: (((3 + (1 + 50)) * 9) - (25 + 75))
GOT IT: 386
SOLUTION: ((9 * (3 + (1 + 50))) - (75 + 25))
GOT IT: 386
SOLUTION: (((3 + (1 + 50)) * 9) - (75 + 25))
GOT IT: 386
SOLUTION: ((9 * (3 + (1 + 50))) - (25 + 75))
GOT IT: 386
SOLUTION: ((9 * (3 + (1 + 50))) - (75 + 25))
GOT IT: 386
SOLUTION: (((9 * (3 + (1 + 50))) - 25) - 75)
GOT IT: 386
SOLUTION: (((9 * (3 + (1 + 50))) - 75) - 25)
GOT IT: 386
SOLUTION: (((3 + (1 + 50)) * 9) - (25 + 75))
GOT IT: 386
SOLUTION: (((3 + (1 + 50)) * 9) - (75 + 25))
GOT IT: 386
SOLUTION: ((((3 + (1 + 50)) * 9) - 25) - 75)
GOT IT: 386
SOLUTION: ((((3 + (1 + 50)) * 9) - 75) - 25)
GOT IT: 386
SOLUTION: ((9 * ((1 + 50) + 3)) - (25 + 75))
GOT IT: 386
SOLUTION: ((((1 + 50) + 3) * 9) - (25 + 75))
GOT IT: 386
SOLUTION: ((9 * ((1 + 50) + 3)) - (75 + 25))
GOT IT: 386
SOLUTION: ((((1 + 50) + 3) * 9) - (75 + 25))
GOT IT: 386
SOLUTION: ((9 * ((1 + 50) + 3)) - (25 + 75))
GOT IT: 386
SOLUTION: ((9 * ((1 + 50) + 3)) - (75 + 25))
GOT IT: 386
SOLUTION: (((9 * ((1 + 50) + 3)) - 25) - 75)
GOT IT: 386
SOLUTION: (((9 * ((1 + 50) + 3)) - 75) - 25)
GOT IT: 386
SOLUTION: ((((1 + 50) + 3) * 9) - (25 + 75))
GOT IT: 386
SOLUTION: ((((1 + 50) + 3) * 9) - (75 + 25))
GOT IT: 386
SOLUTION: (((((1 + 50) + 3) * 9) - 25) - 75)
GOT IT: 386
SOLUTION: (((((1 + 50) + 3) * 9) - 75) - 25)
GOT IT: 386
SOLUTION: ((9 * (50 + (1 + 3))) - (25 + 75))
GOT IT: 386
SOLUTION: (((50 + (1 + 3)) * 9) - (25 + 75))
GOT IT: 386
SOLUTION: (((1 + 3) * (9 + (25 + 75))) - 50)
GOT IT: 386
SOLUTION: (((9 + (25 + 75)) * (1 + 3)) - 50)
GOT IT: 386
SOLUTION: ((9 * ((1 + 3) + 50)) - (25 + 75))
GOT IT: 386
SOLUTION: ((((1 + 3) + 50) * 9) - (25 + 75))
GOT IT: 386
SOLUTION: (((1 + 3) * ((25 + 75) + 9)) - 50)
GOT IT: 386
SOLUTION: ((((25 + 75) + 9) * (1 + 3)) - 50)
GOT IT: 386
SOLUTION: (((1 + 3) * (75 + (25 + 9))) - 50)
GOT IT: 386
SOLUTION: (((75 + (25 + 9)) * (1 + 3)) - 50)
GOT IT: 386
SOLUTION: (((1 + 3) * ((25 + 9) + 75)) - 50)
GOT IT: 386
SOLUTION: ((((25 + 9) + 75) * (1 + 3)) - 50)
GOT IT: 386
SOLUTION: ((75 + 50) + (9 * (25 + (1 + 3))))
GOT IT: 386
SOLUTION: ((9 * (25 + (1 + 3))) + (75 + 50))
GOT IT: 386
SOLUTION: ((75 + 50) + ((25 + (1 + 3)) * 9))
GOT IT: 386
SOLUTION: (((25 + (1 + 3)) * 9) + (75 + 50))
GOT IT: 386
SOLUTION: ((50 + 75) + (9 * (25 + (1 + 3))))
GOT IT: 386
SOLUTION: ((9 * (25 + (1 + 3))) + (50 + 75))
GOT IT: 386
SOLUTION: ((50 + 75) + ((25 + (1 + 3)) * 9))
GOT IT: 386
SOLUTION: (((25 + (1 + 3)) * 9) + (50 + 75))
GOT IT: 386
SOLUTION: ((9 * (25 + (1 + 3))) + (75 + 50))
GOT IT: 386
SOLUTION: ((75 + 50) + (9 * (25 + (1 + 3))))
GOT IT: 386
SOLUTION: (50 + (75 + (9 * (25 + (1 + 3)))))
GOT IT: 386
SOLUTION: ((75 + (9 * (25 + (1 + 3)))) + 50)
GOT IT: 386
SOLUTION: ((9 * (25 + (1 + 3))) + (50 + 75))
GOT IT: 386
SOLUTION: ((50 + 75) + (9 * (25 + (1 + 3))))
GOT IT: 386
SOLUTION: (75 + (50 + (9 * (25 + (1 + 3)))))
GOT IT: 386
SOLUTION: ((50 + (9 * (25 + (1 + 3)))) + 75)
GOT IT: 386
SOLUTION: (50 + ((9 * (25 + (1 + 3))) + 75))
GOT IT: 386
SOLUTION: (((9 * (25 + (1 + 3))) + 75) + 50)
GOT IT: 386
SOLUTION: (75 + ((9 * (25 + (1 + 3))) + 50))
GOT IT: 386
SOLUTION: (((9 * (25 + (1 + 3))) + 50) + 75)
GOT IT: 386
SOLUTION: (((25 + (1 + 3)) * 9) + (75 + 50))
GOT IT: 386
SOLUTION: ((75 + 50) + ((25 + (1 + 3)) * 9))
GOT IT: 386
SOLUTION: (50 + (75 + ((25 + (1 + 3)) * 9)))
GOT IT: 386
SOLUTION: ((75 + ((25 + (1 + 3)) * 9)) + 50)
GOT IT: 386
SOLUTION: (((25 + (1 + 3)) * 9) + (50 + 75))
GOT IT: 386
SOLUTION: ((50 + 75) + ((25 + (1 + 3)) * 9))
GOT IT: 386
SOLUTION: (75 + (50 + ((25 + (1 + 3)) * 9)))
GOT IT: 386
SOLUTION: ((50 + ((25 + (1 + 3)) * 9)) + 75)
GOT IT: 386
SOLUTION: (50 + (((25 + (1 + 3)) * 9) + 75))
GOT IT: 386
SOLUTION: ((((25 + (1 + 3)) * 9) + 75) + 50)
GOT IT: 386
SOLUTION: (75 + (((25 + (1 + 3)) * 9) + 50))
GOT IT: 386
SOLUTION: ((((25 + (1 + 3)) * 9) + 50) + 75)
GOT IT: 386
SOLUTION: ((9 * (50 + (1 + 3))) - (75 + 25))
GOT IT: 386
SOLUTION: (((50 + (1 + 3)) * 9) - (75 + 25))
GOT IT: 386
SOLUTION: (((1 + 3) * (9 + (75 + 25))) - 50)
GOT IT: 386
SOLUTION: (((9 + (75 + 25)) * (1 + 3)) - 50)
GOT IT: 386
SOLUTION: ((9 * ((1 + 3) + 50)) - (75 + 25))
GOT IT: 386
SOLUTION: ((((1 + 3) + 50) * 9) - (75 + 25))
GOT IT: 386
SOLUTION: (((1 + 3) * ((75 + 25) + 9)) - 50)
GOT IT: 386
SOLUTION: ((((75 + 25) + 9) * (1 + 3)) - 50)
GOT IT: 386
SOLUTION: ((75 + 50) + (9 * (25 + (1 + 3))))
GOT IT: 386
SOLUTION: ((9 * (25 + (1 + 3))) + (75 + 50))
GOT IT: 386
SOLUTION: ((75 + 50) + ((25 + (1 + 3)) * 9))
GOT IT: 386
SOLUTION: (((25 + (1 + 3)) * 9) + (75 + 50))
GOT IT: 386
SOLUTION: ((75 + 50) + (9 * ((1 + 3) + 25)))
GOT IT: 386
SOLUTION: ((9 * ((1 + 3) + 25)) + (75 + 50))
GOT IT: 386
SOLUTION: ((75 + 50) + (((1 + 3) + 25) * 9))
GOT IT: 386
SOLUTION: ((((1 + 3) + 25) * 9) + (75 + 50))
GOT IT: 386
SOLUTION: (((1 + 3) * (25 + (75 + 9))) - 50)
GOT IT: 386
SOLUTION: (((25 + (75 + 9)) * (1 + 3)) - 50)
GOT IT: 386
SOLUTION: (50 + ((1 + 3) * (75 + 9)))
GOT IT: 386
SOLUTION: (((1 + 3) * (75 + 9)) + 50)
GOT IT: 386
SOLUTION: (((1 + 3) * ((75 + 9) + 25)) - 50)
GOT IT: 386
SOLUTION: ((((75 + 9) + 25) * (1 + 3)) - 50)
GOT IT: 386
SOLUTION: (50 + ((75 + 9) * (1 + 3)))
GOT IT: 386
SOLUTION: (((75 + 9) * (1 + 3)) + 50)
GOT IT: 386
SOLUTION: ((50 + 75) + (9 * (25 + (1 + 3))))
GOT IT: 386
SOLUTION: ((9 * (25 + (1 + 3))) + (50 + 75))
GOT IT: 386
SOLUTION: ((50 + 75) + ((25 + (1 + 3)) * 9))
GOT IT: 386
SOLUTION: (((25 + (1 + 3)) * 9) + (50 + 75))
GOT IT: 386
SOLUTION: ((50 + 75) + (9 * ((1 + 3) + 25)))
GOT IT: 386
SOLUTION: ((9 * ((1 + 3) + 25)) + (50 + 75))
GOT IT: 386
SOLUTION: ((50 + 75) + (((1 + 3) + 25) * 9))
GOT IT: 386
SOLUTION: ((((1 + 3) + 25) * 9) + (50 + 75))
GOT IT: 386
SOLUTION: ((9 * (50 + (1 + 3))) - (25 + 75))
GOT IT: 386
SOLUTION: (((50 + (1 + 3)) * 9) - (25 + 75))
GOT IT: 386
SOLUTION: ((9 * (50 + (1 + 3))) - (75 + 25))
GOT IT: 386
SOLUTION: (((50 + (1 + 3)) * 9) - (75 + 25))
GOT IT: 386
SOLUTION: ((9 * (50 + (1 + 3))) - (25 + 75))
GOT IT: 386
SOLUTION: ((9 * (50 + (1 + 3))) - (75 + 25))
GOT IT: 386
SOLUTION: (((9 * (50 + (1 + 3))) - 25) - 75)
GOT IT: 386
SOLUTION: (((9 * (50 + (1 + 3))) - 75) - 25)
GOT IT: 386
SOLUTION: (((50 + (1 + 3)) * 9) - (25 + 75))
GOT IT: 386
SOLUTION: (((50 + (1 + 3)) * 9) - (75 + 25))
GOT IT: 386
SOLUTION: ((((50 + (1 + 3)) * 9) - 25) - 75)
GOT IT: 386
SOLUTION: ((((50 + (1 + 3)) * 9) - 75) - 25)
GOT IT: 386
SOLUTION: (((1 + 3) * (75 + (9 + 25))) - 50)
GOT IT: 386
SOLUTION: (((75 + (9 + 25)) * (1 + 3)) - 50)
GOT IT: 386
SOLUTION: (((1 + 3) * ((9 + 25) + 75)) - 50)
GOT IT: 386
SOLUTION: ((((9 + 25) + 75) * (1 + 3)) - 50)
GOT IT: 386
SOLUTION: (((1 + 3) * (25 + (9 + 75))) - 50)
GOT IT: 386
SOLUTION: (((25 + (9 + 75)) * (1 + 3)) - 50)
GOT IT: 386
SOLUTION: (50 + ((1 + 3) * (9 + 75)))
GOT IT: 386
SOLUTION: (((1 + 3) * (9 + 75)) + 50)
GOT IT: 386
SOLUTION: (((1 + 3) * ((9 + 75) + 25)) - 50)
GOT IT: 386
SOLUTION: ((((9 + 75) + 25) * (1 + 3)) - 50)
GOT IT: 386
SOLUTION: (50 + ((9 + 75) * (1 + 3)))
GOT IT: 386
SOLUTION: (((9 + 75) * (1 + 3)) + 50)
GOT IT: 386
SOLUTION: ((75 + 50) + (9 * ((1 + 3) + 25)))
GOT IT: 386
SOLUTION: ((9 * ((1 + 3) + 25)) + (75 + 50))
GOT IT: 386
SOLUTION: ((75 + 50) + (((1 + 3) + 25) * 9))
GOT IT: 386
SOLUTION: ((((1 + 3) + 25) * 9) + (75 + 50))
GOT IT: 386
SOLUTION: ((50 + 75) + (9 * ((1 + 3) + 25)))
GOT IT: 386
SOLUTION: ((9 * ((1 + 3) + 25)) + (50 + 75))
GOT IT: 386
SOLUTION: ((50 + 75) + (((1 + 3) + 25) * 9))
GOT IT: 386
SOLUTION: ((((1 + 3) + 25) * 9) + (50 + 75))
GOT IT: 386
SOLUTION: ((9 * ((1 + 3) + 25)) + (75 + 50))
GOT IT: 386
SOLUTION: ((75 + 50) + (9 * ((1 + 3) + 25)))
GOT IT: 386
SOLUTION: (50 + (75 + (9 * ((1 + 3) + 25))))
GOT IT: 386
SOLUTION: ((75 + (9 * ((1 + 3) + 25))) + 50)
GOT IT: 386
SOLUTION: ((9 * ((1 + 3) + 25)) + (50 + 75))
GOT IT: 386
SOLUTION: ((50 + 75) + (9 * ((1 + 3) + 25)))
GOT IT: 386
SOLUTION: (75 + (50 + (9 * ((1 + 3) + 25))))
GOT IT: 386
SOLUTION: ((50 + (9 * ((1 + 3) + 25))) + 75)
GOT IT: 386
SOLUTION: (50 + ((9 * ((1 + 3) + 25)) + 75))
GOT IT: 386
SOLUTION: (((9 * ((1 + 3) + 25)) + 75) + 50)
GOT IT: 386
SOLUTION: (75 + ((9 * ((1 + 3) + 25)) + 50))
GOT IT: 386
SOLUTION: (((9 * ((1 + 3) + 25)) + 50) + 75)
GOT IT: 386
SOLUTION: ((((1 + 3) + 25) * 9) + (75 + 50))
GOT IT: 386
SOLUTION: ((75 + 50) + (((1 + 3) + 25) * 9))
GOT IT: 386
SOLUTION: (50 + (75 + (((1 + 3) + 25) * 9)))
GOT IT: 386
SOLUTION: ((75 + (((1 + 3) + 25) * 9)) + 50)
GOT IT: 386
SOLUTION: ((((1 + 3) + 25) * 9) + (50 + 75))
GOT IT: 386
SOLUTION: ((50 + 75) + (((1 + 3) + 25) * 9))
GOT IT: 386
SOLUTION: (75 + (50 + (((1 + 3) + 25) * 9)))
GOT IT: 386
SOLUTION: ((50 + (((1 + 3) + 25) * 9)) + 75)
GOT IT: 386
SOLUTION: (50 + ((((1 + 3) + 25) * 9) + 75))
GOT IT: 386
SOLUTION: (((((1 + 3) + 25) * 9) + 75) + 50)
GOT IT: 386
SOLUTION: (75 + ((((1 + 3) + 25) * 9) + 50))
GOT IT: 386
SOLUTION: (((((1 + 3) + 25) * 9) + 50) + 75)
GOT IT: 386
SOLUTION: ((9 * ((1 + 3) + 50)) - (25 + 75))
GOT IT: 386
SOLUTION: ((((1 + 3) + 50) * 9) - (25 + 75))
GOT IT: 386
SOLUTION: ((9 * ((1 + 3) + 50)) - (75 + 25))
GOT IT: 386
SOLUTION: ((((1 + 3) + 50) * 9) - (75 + 25))
GOT IT: 386
SOLUTION: ((9 * ((1 + 3) + 50)) - (25 + 75))
GOT IT: 386
SOLUTION: ((9 * ((1 + 3) + 50)) - (75 + 25))
GOT IT: 386
SOLUTION: (((9 * ((1 + 3) + 50)) - 25) - 75)
GOT IT: 386
SOLUTION: (((9 * ((1 + 3) + 50)) - 75) - 25)
GOT IT: 386
SOLUTION: ((((1 + 3) + 50) * 9) - (25 + 75))
GOT IT: 386
SOLUTION: ((((1 + 3) + 50) * 9) - (75 + 25))
GOT IT: 386
SOLUTION: (((((1 + 3) + 50) * 9) - 25) - 75)
GOT IT: 386
SOLUTION: (((((1 + 3) + 50) * 9) - 75) - 25)
GOT IT: 386
SOLUTION: (((75 + (9 + 25)) * (1 + 3)) - 50)
GOT IT: 386
SOLUTION: (((1 + 3) * (75 + (9 + 25))) - 50)
GOT IT: 386
SOLUTION: (((75 + (9 + 25)) * (3 + 1)) - 50)
GOT IT: 386
SOLUTION: (((3 + 1) * (75 + (9 + 25))) - 50)
GOT IT: 386
SOLUTION: (((1 + 3) * (75 + (9 + 25))) - 50)
GOT IT: 386
SOLUTION: (((75 + (9 + 25)) * (1 + 3)) - 50)
GOT IT: 386
SOLUTION: (((1 + 3) * ((9 + 25) + 75)) - 50)
GOT IT: 386
SOLUTION: ((((9 + 25) + 75) * (1 + 3)) - 50)
GOT IT: 386
SOLUTION: (((3 + 1) * (75 + (9 + 25))) - 50)
GOT IT: 386
SOLUTION: (((75 + (9 + 25)) * (3 + 1)) - 50)
GOT IT: 386
SOLUTION: (((3 + 1) * ((9 + 25) + 75)) - 50)
GOT IT: 386
SOLUTION: ((((9 + 25) + 75) * (3 + 1)) - 50)
GOT IT: 386
SOLUTION: ((((9 + 25) + 75) * (1 + 3)) - 50)
GOT IT: 386
SOLUTION: (((1 + 3) * ((9 + 25) + 75)) - 50)
GOT IT: 386
SOLUTION: ((((9 + 25) + 75) * (3 + 1)) - 50)
GOT IT: 386
SOLUTION: (((3 + 1) * ((9 + 25) + 75)) - 50)
GOT IT: 386
SOLUTION: (((25 + (9 + 75)) * (1 + 3)) - 50)
GOT IT: 386
SOLUTION: (((1 + 3) * (25 + (9 + 75))) - 50)
GOT IT: 386
SOLUTION: (((25 + (9 + 75)) * (3 + 1)) - 50)
GOT IT: 386
SOLUTION: (((3 + 1) * (25 + (9 + 75))) - 50)
GOT IT: 386
SOLUTION: (((1 + 3) * (25 + (9 + 75))) - 50)
GOT IT: 386
SOLUTION: (((25 + (9 + 75)) * (1 + 3)) - 50)
GOT IT: 386
SOLUTION: (((1 + 3) * ((9 + 75) + 25)) - 50)
GOT IT: 386
SOLUTION: ((((9 + 75) + 25) * (1 + 3)) - 50)
GOT IT: 386
SOLUTION: (50 + ((9 + 75) * (1 + 3)))
GOT IT: 386
SOLUTION: (((9 + 75) * (1 + 3)) + 50)
GOT IT: 386
SOLUTION: (50 + ((1 + 3) * (9 + 75)))
GOT IT: 386
SOLUTION: (((1 + 3) * (9 + 75)) + 50)
GOT IT: 386
SOLUTION: (((3 + 1) * (25 + (9 + 75))) - 50)
GOT IT: 386
SOLUTION: (((25 + (9 + 75)) * (3 + 1)) - 50)
GOT IT: 386
SOLUTION: (((3 + 1) * ((9 + 75) + 25)) - 50)
GOT IT: 386
SOLUTION: ((((9 + 75) + 25) * (3 + 1)) - 50)
GOT IT: 386
SOLUTION: (50 + ((9 + 75) * (3 + 1)))
GOT IT: 386
SOLUTION: (((9 + 75) * (3 + 1)) + 50)
GOT IT: 386
SOLUTION: (50 + ((3 + 1) * (9 + 75)))
GOT IT: 386
SOLUTION: (((3 + 1) * (9 + 75)) + 50)
GOT IT: 386
SOLUTION: ((((9 + 75) + 25) * (1 + 3)) - 50)
GOT IT: 386
SOLUTION: (((1 + 3) * ((9 + 75) + 25)) - 50)
GOT IT: 386
SOLUTION: ((((9 + 75) + 25) * (3 + 1)) - 50)
GOT IT: 386
SOLUTION: (((3 + 1) * ((9 + 75) + 25)) - 50)
GOT IT: 386
SOLUTION: ((75 + 50) + (9 * (1 + (3 + 25))))
GOT IT: 386
SOLUTION: ((9 * (1 + (3 + 25))) + (75 + 50))
GOT IT: 386
SOLUTION: ((75 + 50) + ((1 + (3 + 25)) * 9))
GOT IT: 386
SOLUTION: (((1 + (3 + 25)) * 9) + (75 + 50))
GOT IT: 386
SOLUTION: ((75 + 50) + (9 * ((3 + 25) + 1)))
GOT IT: 386
SOLUTION: ((9 * ((3 + 25) + 1)) + (75 + 50))
GOT IT: 386
SOLUTION: ((75 + 50) + (((3 + 25) + 1) * 9))
GOT IT: 386
SOLUTION: ((((3 + 25) + 1) * 9) + (75 + 50))
GOT IT: 386
SOLUTION: ((50 + 75) + (9 * (1 + (3 + 25))))
GOT IT: 386
SOLUTION: ((9 * (1 + (3 + 25))) + (50 + 75))
GOT IT: 386
SOLUTION: ((50 + 75) + ((1 + (3 + 25)) * 9))
GOT IT: 386
SOLUTION: (((1 + (3 + 25)) * 9) + (50 + 75))
GOT IT: 386
SOLUTION: ((50 + 75) + (9 * ((3 + 25) + 1)))
GOT IT: 386
SOLUTION: ((9 * ((3 + 25) + 1)) + (50 + 75))
GOT IT: 386
SOLUTION: ((50 + 75) + (((3 + 25) + 1) * 9))
GOT IT: 386
SOLUTION: ((((3 + 25) + 1) * 9) + (50 + 75))
GOT IT: 386
SOLUTION: ((75 + 50) + (9 * (1 + (3 + 25))))
GOT IT: 386
SOLUTION: ((9 * (1 + (3 + 25))) + (75 + 50))
GOT IT: 386
SOLUTION: ((75 + 50) + ((1 + (3 + 25)) * 9))
GOT IT: 386
SOLUTION: (((1 + (3 + 25)) * 9) + (75 + 50))
GOT IT: 386
SOLUTION: ((50 + 75) + (9 * (1 + (3 + 25))))
GOT IT: 386
SOLUTION: ((9 * (1 + (3 + 25))) + (50 + 75))
GOT IT: 386
SOLUTION: ((50 + 75) + ((1 + (3 + 25)) * 9))
GOT IT: 386
SOLUTION: (((1 + (3 + 25)) * 9) + (50 + 75))
GOT IT: 386
SOLUTION: ((9 * (1 + (3 + 25))) + (75 + 50))
GOT IT: 386
SOLUTION: ((75 + 50) + (9 * (1 + (3 + 25))))
GOT IT: 386
SOLUTION: (50 + (75 + (9 * (1 + (3 + 25)))))
GOT IT: 386
SOLUTION: ((75 + (9 * (1 + (3 + 25)))) + 50)
GOT IT: 386
SOLUTION: ((9 * (1 + (3 + 25))) + (50 + 75))
GOT IT: 386
SOLUTION: ((50 + 75) + (9 * (1 + (3 + 25))))
GOT IT: 386
SOLUTION: (75 + (50 + (9 * (1 + (3 + 25)))))
GOT IT: 386
SOLUTION: ((50 + (9 * (1 + (3 + 25)))) + 75)
GOT IT: 386
SOLUTION: (50 + ((9 * (1 + (3 + 25))) + 75))
GOT IT: 386
SOLUTION: (((9 * (1 + (3 + 25))) + 75) + 50)
GOT IT: 386
SOLUTION: (75 + ((9 * (1 + (3 + 25))) + 50))
GOT IT: 386
SOLUTION: (((9 * (1 + (3 + 25))) + 50) + 75)
GOT IT: 386
SOLUTION: (((1 + (3 + 25)) * 9) + (75 + 50))
GOT IT: 386
SOLUTION: ((75 + 50) + ((1 + (3 + 25)) * 9))
GOT IT: 386
SOLUTION: (50 + (75 + ((1 + (3 + 25)) * 9)))
GOT IT: 386
SOLUTION: ((75 + ((1 + (3 + 25)) * 9)) + 50)
GOT IT: 386
SOLUTION: (((1 + (3 + 25)) * 9) + (50 + 75))
GOT IT: 386
SOLUTION: ((50 + 75) + ((1 + (3 + 25)) * 9))
GOT IT: 386
SOLUTION: (75 + (50 + ((1 + (3 + 25)) * 9)))
GOT IT: 386
SOLUTION: ((50 + ((1 + (3 + 25)) * 9)) + 75)
GOT IT: 386
SOLUTION: (50 + (((1 + (3 + 25)) * 9) + 75))
GOT IT: 386
SOLUTION: ((((1 + (3 + 25)) * 9) + 75) + 50)
GOT IT: 386
SOLUTION: (75 + (((1 + (3 + 25)) * 9) + 50))
GOT IT: 386
SOLUTION: ((((1 + (3 + 25)) * 9) + 50) + 75)
GOT IT: 386
SOLUTION: ((75 + 50) + (9 * ((3 + 25) + 1)))
GOT IT: 386
SOLUTION: ((9 * ((3 + 25) + 1)) + (75 + 50))
GOT IT: 386
SOLUTION: ((75 + 50) + (((3 + 25) + 1) * 9))
GOT IT: 386
SOLUTION: ((((3 + 25) + 1) * 9) + (75 + 50))
GOT IT: 386
SOLUTION: ((50 + 75) + (9 * ((3 + 25) + 1)))
GOT IT: 386
SOLUTION: ((9 * ((3 + 25) + 1)) + (50 + 75))
GOT IT: 386
SOLUTION: ((50 + 75) + (((3 + 25) + 1) * 9))
GOT IT: 386
SOLUTION: ((((3 + 25) + 1) * 9) + (50 + 75))
GOT IT: 386
SOLUTION: ((9 * ((3 + 25) + 1)) + (75 + 50))
GOT IT: 386
SOLUTION: ((75 + 50) + (9 * ((3 + 25) + 1)))
GOT IT: 386
SOLUTION: (50 + (75 + (9 * ((3 + 25) + 1))))
GOT IT: 386
SOLUTION: ((75 + (9 * ((3 + 25) + 1))) + 50)
GOT IT: 386
SOLUTION: ((9 * ((3 + 25) + 1)) + (50 + 75))
GOT IT: 386
SOLUTION: ((50 + 75) + (9 * ((3 + 25) + 1)))
GOT IT: 386
SOLUTION: (75 + (50 + (9 * ((3 + 25) + 1))))
GOT IT: 386
SOLUTION: ((50 + (9 * ((3 + 25) + 1))) + 75)
GOT IT: 386
SOLUTION: (50 + ((9 * ((3 + 25) + 1)) + 75))
GOT IT: 386
SOLUTION: (((9 * ((3 + 25) + 1)) + 75) + 50)
GOT IT: 386
SOLUTION: (75 + ((9 * ((3 + 25) + 1)) + 50))
GOT IT: 386
SOLUTION: (((9 * ((3 + 25) + 1)) + 50) + 75)
GOT IT: 386
SOLUTION: ((((3 + 25) + 1) * 9) + (75 + 50))
GOT IT: 386
SOLUTION: ((75 + 50) + (((3 + 25) + 1) * 9))
GOT IT: 386
SOLUTION: (50 + (75 + (((3 + 25) + 1) * 9)))
GOT IT: 386
SOLUTION: ((75 + (((3 + 25) + 1) * 9)) + 50)
GOT IT: 386
SOLUTION: ((((3 + 25) + 1) * 9) + (50 + 75))
GOT IT: 386
SOLUTION: ((50 + 75) + (((3 + 25) + 1) * 9))
GOT IT: 386
SOLUTION: (75 + (50 + (((3 + 25) + 1) * 9)))
GOT IT: 386
SOLUTION: ((50 + (((3 + 25) + 1) * 9)) + 75)
GOT IT: 386
SOLUTION: (50 + ((((3 + 25) + 1) * 9) + 75))
GOT IT: 386
SOLUTION: (((((3 + 25) + 1) * 9) + 75) + 50)
GOT IT: 386
SOLUTION: (75 + ((((3 + 25) + 1) * 9) + 50))
GOT IT: 386
SOLUTION: (((((3 + 25) + 1) * 9) + 50) + 75)
GOT IT: 386
SOLUTION: ((9 * (1 + (3 + 50))) - (25 + 75))
GOT IT: 386
SOLUTION: (((1 + (3 + 50)) * 9) - (25 + 75))
GOT IT: 386
SOLUTION: ((9 * ((3 + 50) + 1)) - (25 + 75))
GOT IT: 386
SOLUTION: ((((3 + 50) + 1) * 9) - (25 + 75))
GOT IT: 386
SOLUTION: ((9 * (1 + (3 + 50))) - (75 + 25))
GOT IT: 386
SOLUTION: (((1 + (3 + 50)) * 9) - (75 + 25))
GOT IT: 386
SOLUTION: ((9 * ((3 + 50) + 1)) - (75 + 25))
GOT IT: 386
SOLUTION: ((((3 + 50) + 1) * 9) - (75 + 25))
GOT IT: 386
SOLUTION: ((9 * (1 + (3 + 50))) - (25 + 75))
GOT IT: 386
SOLUTION: (((1 + (3 + 50)) * 9) - (25 + 75))
GOT IT: 386
SOLUTION: ((9 * (1 + (3 + 50))) - (75 + 25))
GOT IT: 386
SOLUTION: (((1 + (3 + 50)) * 9) - (75 + 25))
GOT IT: 386
SOLUTION: ((9 * (1 + (3 + 50))) - (25 + 75))
GOT IT: 386
SOLUTION: ((9 * (1 + (3 + 50))) - (75 + 25))
GOT IT: 386
SOLUTION: (((9 * (1 + (3 + 50))) - 25) - 75)
GOT IT: 386
SOLUTION: (((9 * (1 + (3 + 50))) - 75) - 25)
GOT IT: 386
SOLUTION: (((1 + (3 + 50)) * 9) - (25 + 75))
GOT IT: 386
SOLUTION: (((1 + (3 + 50)) * 9) - (75 + 25))
GOT IT: 386
SOLUTION: ((((1 + (3 + 50)) * 9) - 25) - 75)
GOT IT: 386
SOLUTION: ((((1 + (3 + 50)) * 9) - 75) - 25)
GOT IT: 386
SOLUTION: ((9 * ((3 + 50) + 1)) - (25 + 75))
GOT IT: 386
SOLUTION: ((((3 + 50) + 1) * 9) - (25 + 75))
GOT IT: 386
SOLUTION: ((9 * ((3 + 50) + 1)) - (75 + 25))
GOT IT: 386
SOLUTION: ((((3 + 50) + 1) * 9) - (75 + 25))
GOT IT: 386
SOLUTION: ((9 * ((3 + 50) + 1)) - (25 + 75))
GOT IT: 386
SOLUTION: ((9 * ((3 + 50) + 1)) - (75 + 25))
GOT IT: 386
SOLUTION: (((9 * ((3 + 50) + 1)) - 25) - 75)
GOT IT: 386
SOLUTION: (((9 * ((3 + 50) + 1)) - 75) - 25)
GOT IT: 386
SOLUTION: ((((3 + 50) + 1) * 9) - (25 + 75))
GOT IT: 386
SOLUTION: ((((3 + 50) + 1) * 9) - (75 + 25))
GOT IT: 386
SOLUTION: (((((3 + 50) + 1) * 9) - 25) - 75)
GOT IT: 386
SOLUTION: (((((3 + 50) + 1) * 9) - 75) - 25)
GOT IT: 386
SOLUTION: ((9 * (50 + (3 + 1))) - (25 + 75))
GOT IT: 386
SOLUTION: (((50 + (3 + 1)) * 9) - (25 + 75))
GOT IT: 386
SOLUTION: (((3 + 1) * (9 + (25 + 75))) - 50)
GOT IT: 386
SOLUTION: (((9 + (25 + 75)) * (3 + 1)) - 50)
GOT IT: 386
SOLUTION: ((9 * ((3 + 1) + 50)) - (25 + 75))
GOT IT: 386
SOLUTION: ((((3 + 1) + 50) * 9) - (25 + 75))
GOT IT: 386
SOLUTION: (((3 + 1) * ((25 + 75) + 9)) - 50)
GOT IT: 386
SOLUTION: ((((25 + 75) + 9) * (3 + 1)) - 50)
GOT IT: 386
SOLUTION: (((3 + 1) * (75 + (25 + 9))) - 50)
GOT IT: 386
SOLUTION: (((75 + (25 + 9)) * (3 + 1)) - 50)
GOT IT: 386
SOLUTION: (((3 + 1) * ((25 + 9) + 75)) - 50)
GOT IT: 386
SOLUTION: ((((25 + 9) + 75) * (3 + 1)) - 50)
GOT IT: 386
SOLUTION: ((75 + 50) + (9 * (25 + (3 + 1))))
GOT IT: 386
SOLUTION: ((9 * (25 + (3 + 1))) + (75 + 50))
GOT IT: 386
SOLUTION: ((75 + 50) + ((25 + (3 + 1)) * 9))
GOT IT: 386
SOLUTION: (((25 + (3 + 1)) * 9) + (75 + 50))
GOT IT: 386
SOLUTION: ((50 + 75) + (9 * (25 + (3 + 1))))
GOT IT: 386
SOLUTION: ((9 * (25 + (3 + 1))) + (50 + 75))
GOT IT: 386
SOLUTION: ((50 + 75) + ((25 + (3 + 1)) * 9))
GOT IT: 386
SOLUTION: (((25 + (3 + 1)) * 9) + (50 + 75))
GOT IT: 386
SOLUTION: ((9 * (25 + (3 + 1))) + (75 + 50))
GOT IT: 386
SOLUTION: ((75 + 50) + (9 * (25 + (3 + 1))))
GOT IT: 386
SOLUTION: (50 + (75 + (9 * (25 + (3 + 1)))))
GOT IT: 386
SOLUTION: ((75 + (9 * (25 + (3 + 1)))) + 50)
GOT IT: 386
SOLUTION: ((9 * (25 + (3 + 1))) + (50 + 75))
GOT IT: 386
SOLUTION: ((50 + 75) + (9 * (25 + (3 + 1))))
GOT IT: 386
SOLUTION: (75 + (50 + (9 * (25 + (3 + 1)))))
GOT IT: 386
SOLUTION: ((50 + (9 * (25 + (3 + 1)))) + 75)
GOT IT: 386
SOLUTION: (50 + ((9 * (25 + (3 + 1))) + 75))
GOT IT: 386
SOLUTION: (((9 * (25 + (3 + 1))) + 75) + 50)
GOT IT: 386
SOLUTION: (75 + ((9 * (25 + (3 + 1))) + 50))
GOT IT: 386
SOLUTION: (((9 * (25 + (3 + 1))) + 50) + 75)
GOT IT: 386
SOLUTION: (((25 + (3 + 1)) * 9) + (75 + 50))
GOT IT: 386
SOLUTION: ((75 + 50) + ((25 + (3 + 1)) * 9))
GOT IT: 386
SOLUTION: (50 + (75 + ((25 + (3 + 1)) * 9)))
GOT IT: 386
SOLUTION: ((75 + ((25 + (3 + 1)) * 9)) + 50)
GOT IT: 386
SOLUTION: (((25 + (3 + 1)) * 9) + (50 + 75))
GOT IT: 386
SOLUTION: ((50 + 75) + ((25 + (3 + 1)) * 9))
GOT IT: 386
SOLUTION: (75 + (50 + ((25 + (3 + 1)) * 9)))
GOT IT: 386
SOLUTION: ((50 + ((25 + (3 + 1)) * 9)) + 75)
GOT IT: 386
SOLUTION: (50 + (((25 + (3 + 1)) * 9) + 75))
GOT IT: 386
SOLUTION: ((((25 + (3 + 1)) * 9) + 75) + 50)
GOT IT: 386
SOLUTION: (75 + (((25 + (3 + 1)) * 9) + 50))
GOT IT: 386
SOLUTION: ((((25 + (3 + 1)) * 9) + 50) + 75)
GOT IT: 386
SOLUTION: ((9 * (50 + (3 + 1))) - (75 + 25))
GOT IT: 386
SOLUTION: (((50 + (3 + 1)) * 9) - (75 + 25))
GOT IT: 386
SOLUTION: (((3 + 1) * (9 + (75 + 25))) - 50)
GOT IT: 386
SOLUTION: (((9 + (75 + 25)) * (3 + 1)) - 50)
GOT IT: 386
SOLUTION: ((9 * ((3 + 1) + 50)) - (75 + 25))
GOT IT: 386
SOLUTION: ((((3 + 1) + 50) * 9) - (75 + 25))
GOT IT: 386
SOLUTION: (((3 + 1) * ((75 + 25) + 9)) - 50)
GOT IT: 386
SOLUTION: ((((75 + 25) + 9) * (3 + 1)) - 50)
GOT IT: 386
SOLUTION: ((75 + 50) + (9 * (25 + (3 + 1))))
GOT IT: 386
SOLUTION: ((9 * (25 + (3 + 1))) + (75 + 50))
GOT IT: 386
SOLUTION: ((75 + 50) + ((25 + (3 + 1)) * 9))
GOT IT: 386
SOLUTION: (((25 + (3 + 1)) * 9) + (75 + 50))
GOT IT: 386
SOLUTION: ((75 + 50) + (9 * ((3 + 1) + 25)))
GOT IT: 386
SOLUTION: ((9 * ((3 + 1) + 25)) + (75 + 50))
GOT IT: 386
SOLUTION: ((75 + 50) + (((3 + 1) + 25) * 9))
GOT IT: 386
SOLUTION: ((((3 + 1) + 25) * 9) + (75 + 50))
GOT IT: 386
SOLUTION: (((3 + 1) * (25 + (75 + 9))) - 50)
GOT IT: 386
SOLUTION: (((25 + (75 + 9)) * (3 + 1)) - 50)
GOT IT: 386
SOLUTION: (50 + ((3 + 1) * (75 + 9)))
GOT IT: 386
SOLUTION: (((3 + 1) * (75 + 9)) + 50)
GOT IT: 386
SOLUTION: (((3 + 1) * ((75 + 9) + 25)) - 50)
GOT IT: 386
SOLUTION: ((((75 + 9) + 25) * (3 + 1)) - 50)
GOT IT: 386
SOLUTION: (50 + ((75 + 9) * (3 + 1)))
GOT IT: 386
SOLUTION: (((75 + 9) * (3 + 1)) + 50)
GOT IT: 386
SOLUTION: ((50 + 75) + (9 * (25 + (3 + 1))))
GOT IT: 386
SOLUTION: ((9 * (25 + (3 + 1))) + (50 + 75))
GOT IT: 386
SOLUTION: ((50 + 75) + ((25 + (3 + 1)) * 9))
GOT IT: 386
SOLUTION: (((25 + (3 + 1)) * 9) + (50 + 75))
GOT IT: 386
SOLUTION: ((50 + 75) + (9 * ((3 + 1) + 25)))
GOT IT: 386
SOLUTION: ((9 * ((3 + 1) + 25)) + (50 + 75))
GOT IT: 386
SOLUTION: ((50 + 75) + (((3 + 1) + 25) * 9))
GOT IT: 386
SOLUTION: ((((3 + 1) + 25) * 9) + (50 + 75))
GOT IT: 386
SOLUTION: ((9 * (50 + (3 + 1))) - (25 + 75))
GOT IT: 386
SOLUTION: (((50 + (3 + 1)) * 9) - (25 + 75))
GOT IT: 386
SOLUTION: ((9 * (50 + (3 + 1))) - (75 + 25))
GOT IT: 386
SOLUTION: (((50 + (3 + 1)) * 9) - (75 + 25))
GOT IT: 386
SOLUTION: ((9 * (50 + (3 + 1))) - (25 + 75))
GOT IT: 386
SOLUTION: ((9 * (50 + (3 + 1))) - (75 + 25))
GOT IT: 386
SOLUTION: (((9 * (50 + (3 + 1))) - 25) - 75)
GOT IT: 386
SOLUTION: (((9 * (50 + (3 + 1))) - 75) - 25)
GOT IT: 386
SOLUTION: (((50 + (3 + 1)) * 9) - (25 + 75))
GOT IT: 386
SOLUTION: (((50 + (3 + 1)) * 9) - (75 + 25))
GOT IT: 386
SOLUTION: ((((50 + (3 + 1)) * 9) - 25) - 75)
GOT IT: 386
SOLUTION: ((((50 + (3 + 1)) * 9) - 75) - 25)
GOT IT: 386
SOLUTION: (((3 + 1) * (75 + (9 + 25))) - 50)
GOT IT: 386
SOLUTION: (((75 + (9 + 25)) * (3 + 1)) - 50)
GOT IT: 386
SOLUTION: (((3 + 1) * ((9 + 25) + 75)) - 50)
GOT IT: 386
SOLUTION: ((((9 + 25) + 75) * (3 + 1)) - 50)
GOT IT: 386
SOLUTION: (((3 + 1) * (25 + (9 + 75))) - 50)
GOT IT: 386
SOLUTION: (((25 + (9 + 75)) * (3 + 1)) - 50)
GOT IT: 386
SOLUTION: (50 + ((3 + 1) * (9 + 75)))
GOT IT: 386
SOLUTION: (((3 + 1) * (9 + 75)) + 50)
GOT IT: 386
SOLUTION: (((3 + 1) * ((9 + 75) + 25)) - 50)
GOT IT: 386
SOLUTION: ((((9 + 75) + 25) * (3 + 1)) - 50)
GOT IT: 386
SOLUTION: (50 + ((9 + 75) * (3 + 1)))
GOT IT: 386
SOLUTION: (((9 + 75) * (3 + 1)) + 50)
GOT IT: 386
SOLUTION: ((75 + 50) + (9 * ((3 + 1) + 25)))
GOT IT: 386
SOLUTION: ((9 * ((3 + 1) + 25)) + (75 + 50))
GOT IT: 386
SOLUTION: ((75 + 50) + (((3 + 1) + 25) * 9))
GOT IT: 386
SOLUTION: ((((3 + 1) + 25) * 9) + (75 + 50))
GOT IT: 386
SOLUTION: ((50 + 75) + (9 * ((3 + 1) + 25)))
GOT IT: 386
SOLUTION: ((9 * ((3 + 1) + 25)) + (50 + 75))
GOT IT: 386
SOLUTION: ((50 + 75) + (((3 + 1) + 25) * 9))
GOT IT: 386
SOLUTION: ((((3 + 1) + 25) * 9) + (50 + 75))
GOT IT: 386
SOLUTION: ((9 * ((3 + 1) + 25)) + (75 + 50))
GOT IT: 386
SOLUTION: ((75 + 50) + (9 * ((3 + 1) + 25)))
GOT IT: 386
SOLUTION: (50 + (75 + (9 * ((3 + 1) + 25))))
GOT IT: 386
SOLUTION: ((75 + (9 * ((3 + 1) + 25))) + 50)
GOT IT: 386
SOLUTION: ((9 * ((3 + 1) + 25)) + (50 + 75))
GOT IT: 386
SOLUTION: ((50 + 75) + (9 * ((3 + 1) + 25)))
GOT IT: 386
SOLUTION: (75 + (50 + (9 * ((3 + 1) + 25))))
GOT IT: 386
SOLUTION: ((50 + (9 * ((3 + 1) + 25))) + 75)
GOT IT: 386
SOLUTION: (50 + ((9 * ((3 + 1) + 25)) + 75))
GOT IT: 386
SOLUTION: (((9 * ((3 + 1) + 25)) + 75) + 50)
GOT IT: 386
SOLUTION: (75 + ((9 * ((3 + 1) + 25)) + 50))
GOT IT: 386
SOLUTION: (((9 * ((3 + 1) + 25)) + 50) + 75)
GOT IT: 386
SOLUTION: ((((3 + 1) + 25) * 9) + (75 + 50))
GOT IT: 386
SOLUTION: ((75 + 50) + (((3 + 1) + 25) * 9))
GOT IT: 386
SOLUTION: (50 + (75 + (((3 + 1) + 25) * 9)))
GOT IT: 386
SOLUTION: ((75 + (((3 + 1) + 25) * 9)) + 50)
GOT IT: 386
SOLUTION: ((((3 + 1) + 25) * 9) + (50 + 75))
GOT IT: 386
SOLUTION: ((50 + 75) + (((3 + 1) + 25) * 9))
GOT IT: 386
SOLUTION: (75 + (50 + (((3 + 1) + 25) * 9)))
GOT IT: 386
SOLUTION: ((50 + (((3 + 1) + 25) * 9)) + 75)
GOT IT: 386
SOLUTION: (50 + ((((3 + 1) + 25) * 9) + 75))
GOT IT: 386
SOLUTION: (((((3 + 1) + 25) * 9) + 75) + 50)
GOT IT: 386
SOLUTION: (75 + ((((3 + 1) + 25) * 9) + 50))
GOT IT: 386
SOLUTION: (((((3 + 1) + 25) * 9) + 50) + 75)
GOT IT: 386
SOLUTION: ((9 * ((3 + 1) + 50)) - (25 + 75))
GOT IT: 386
SOLUTION: ((((3 + 1) + 50) * 9) - (25 + 75))
GOT IT: 386
SOLUTION: ((9 * ((3 + 1) + 50)) - (75 + 25))
GOT IT: 386
SOLUTION: ((((3 + 1) + 50) * 9) - (75 + 25))
GOT IT: 386
SOLUTION: ((9 * ((3 + 1) + 50)) - (25 + 75))
GOT IT: 386
SOLUTION: ((9 * ((3 + 1) + 50)) - (75 + 25))
GOT IT: 386
SOLUTION: (((9 * ((3 + 1) + 50)) - 25) - 75)
GOT IT: 386
SOLUTION: (((9 * ((3 + 1) + 50)) - 75) - 25)
GOT IT: 386
SOLUTION: ((((3 + 1) + 50) * 9) - (25 + 75))
GOT IT: 386
SOLUTION: ((((3 + 1) + 50) * 9) - (75 + 25))
GOT IT: 386
SOLUTION: (((((3 + 1) + 50) * 9) - 25) - 75)
GOT IT: 386
SOLUTION: (((((3 + 1) + 50) * 9) - 75) - 25)
